<?xml version="1.0" encoding="UTF-8"?>
<testsuite xmlns:xsi="http://www.w3.org/2001/XMLSchema-instance" xsi:noNamespaceSchemaLocation="https://maven.apache.org/surefire/maven-surefire-plugin/xsd/surefire-test-report.xsd" name="com.zerobank.runners.CukesRunner" time="42.234" tests="7" errors="0" skipped="7" failures="0">
  <properties>
[...]
</properties>
  <testcase name="Login with different credentials" classname="Authorized user should be able to login" time="0">
    <skipped message="The step &quot;the user enters to username password&quot; is undefined. You can implement it using the snippet(s) below:&#10;&#10;@When(&quot;the user enters to username password&quot;)&#10;public void the_user_enters_to_username_password() {&#10;    // Write code here that turns the phrase above into concrete actions&#10;    throw new io.cucumber.java.PendingException();&#10;}&#10;&#10;&#10;Some other steps were also undefined:&#10;&#10;@Then(&quot;the user should be able to see Account Summary&quot;)&#10;public void the_user_should_be_able_to_see_Account_Summary() {&#10;    // Write code here that turns the phrase above into concrete actions&#10;    throw new io.cucumber.java.PendingException();&#10;}&#10;"/>
    <system-out><![CDATA[	this is coming from BEFORE
]]></system-out>
    <system-err><![CDATA[Oct 27, 2020 6:43:01 PM io.cucumber.junit.Cucumber <init>
WARNING: By default Cucumber is running in --non-strict mode.
This default will change to --strict and --non-strict will be removed.
You can use --strict or @CucumberOptions(strict = true) to suppress this warning
SLF4J: Failed to load class "org.slf4j.impl.StaticLoggerBinder".
SLF4J: Defaulting to no-operation (NOP) logger implementation
SLF4J: See http://www.slf4j.org/codes.html#StaticLoggerBinder for further details.
Starting ChromeDriver 86.0.4240.22 (398b0743353ff36fb1b82468f63a3a93b4e2e89e-refs/branch-heads/4240@{#378}) on port 39221
Only local connections are allowed.
Please see https://chromedriver.chromium.org/security-considerations for suggestions on keeping ChromeDriver safe.
ChromeDriver was started successfully.
Oct 27, 2020 6:43:07 PM org.openqa.selenium.remote.ProtocolHandshake createSession
INFO: Detected dialect: W3C
]]></system-err>
  </testcase>
  <testcase name="Login with different credentials" classname="Authorized user should be able to login" time="0">
    <skipped message="The step &quot;the user enters to username melala&quot; is undefined. You can implement it using the snippet(s) below:&#10;&#10;@When(&quot;the user enters to username melala&quot;)&#10;public void the_user_enters_to_username_melala() {&#10;    // Write code here that turns the phrase above into concrete actions&#10;    throw new io.cucumber.java.PendingException();&#10;}&#10;&#10;&#10;Some other steps were also undefined:&#10;&#10;@Then(&quot;the user should be able to see Login and\\/or password are wrong.&quot;)&#10;public void the_user_should_be_able_to_see_Login_and_or_password_are_wrong() {&#10;    // Write code here that turns the phrase above into concrete actions&#10;    throw new io.cucumber.java.PendingException();&#10;}&#10;"/>
    <system-out><![CDATA[	this is coming from BEFORE
]]></system-out>
    <system-err><![CDATA[Starting ChromeDriver 86.0.4240.22 (398b0743353ff36fb1b82468f63a3a93b4e2e89e-refs/branch-heads/4240@{#378}) on port 20658
Only local connections are allowed.
Please see https://chromedriver.chromium.org/security-considerations for suggestions on keeping ChromeDriver safe.
ChromeDriver was started successfully.
Oct 27, 2020 6:43:12 PM org.openqa.selenium.remote.ProtocolHandshake createSession
INFO: Detected dialect: W3C
]]></system-err>
  </testcase>
  <testcase name="Login with different credentials" classname="Authorized user should be able to login" time="0">
    <skipped message="The step &quot;the user enters to aimkal password&quot; is undefined. You can implement it using the snippet(s) below:&#10;&#10;@When(&quot;the user enters to aimkal password&quot;)&#10;public void the_user_enters_to_aimkal_password() {&#10;    // Write code here that turns the phrase above into concrete actions&#10;    throw new io.cucumber.java.PendingException();&#10;}&#10;&#10;&#10;Some other steps were also undefined:&#10;&#10;@Then(&quot;the user should be able to see Login and\\/or password are wrong.&quot;)&#10;public void the_user_should_be_able_to_see_Login_and_or_password_are_wrong() {&#10;    // Write code here that turns the phrase above into concrete actions&#10;    throw new io.cucumber.java.PendingException();&#10;}&#10;"/>
    <system-out><![CDATA[	this is coming from BEFORE
]]></system-out>
    <system-err><![CDATA[Starting ChromeDriver 86.0.4240.22 (398b0743353ff36fb1b82468f63a3a93b4e2e89e-refs/branch-heads/4240@{#378}) on port 18865
Only local connections are allowed.
Please see https://chromedriver.chromium.org/security-considerations for suggestions on keeping ChromeDriver safe.
ChromeDriver was started successfully.
Oct 27, 2020 6:43:18 PM org.openqa.selenium.remote.ProtocolHandshake createSession
INFO: Detected dialect: W3C
]]></system-err>
  </testcase>
  <testcase name="Login with different credentials" classname="Authorized user should be able to login" time="0">
    <skipped message="The step &quot;the user enters to password username&quot; is undefined. You can implement it using the snippet(s) below:&#10;&#10;@When(&quot;the user enters to password username&quot;)&#10;public void the_user_enters_to_password_username() {&#10;    // Write code here that turns the phrase above into concrete actions&#10;    throw new io.cucumber.java.PendingException();&#10;}&#10;&#10;&#10;Some other steps were also undefined:&#10;&#10;@Then(&quot;the user should be able to see Login and\\/or password are wrong.&quot;)&#10;public void the_user_should_be_able_to_see_Login_and_or_password_are_wrong() {&#10;    // Write code here that turns the phrase above into concrete actions&#10;    throw new io.cucumber.java.PendingException();&#10;}&#10;"/>
    <system-out><![CDATA[	this is coming from BEFORE
]]></system-out>
    <system-err><![CDATA[Starting ChromeDriver 86.0.4240.22 (398b0743353ff36fb1b82468f63a3a93b4e2e89e-refs/branch-heads/4240@{#378}) on port 15116
Only local connections are allowed.
Please see https://chromedriver.chromium.org/security-considerations for suggestions on keeping ChromeDriver safe.
ChromeDriver was started successfully.
Oct 27, 2020 6:43:24 PM org.openqa.selenium.remote.ProtocolHandshake createSession
INFO: Detected dialect: W3C
]]></system-err>
  </testcase>
  <testcase name="Login with different credentials" classname="Authorized user should be able to login" time="0">
    <skipped message="The step &quot;the user enters to  &quot; is undefined. You can implement it using the snippet(s) below:&#10;&#10;@When(&quot;the user enters to  &quot;)&#10;public void the_user_enters_to() {&#10;    // Write code here that turns the phrase above into concrete actions&#10;    throw new io.cucumber.java.PendingException();&#10;}&#10;&#10;&#10;Some other steps were also undefined:&#10;&#10;@Then(&quot;the user should be able to see Login and\\/or password are wrong.&quot;)&#10;public void the_user_should_be_able_to_see_Login_and_or_password_are_wrong() {&#10;    // Write code here that turns the phrase above into concrete actions&#10;    throw new io.cucumber.java.PendingException();&#10;}&#10;"/>
    <system-out><![CDATA[	this is coming from BEFORE
]]></system-out>
    <system-err><![CDATA[Starting ChromeDriver 86.0.4240.22 (398b0743353ff36fb1b82468f63a3a93b4e2e89e-refs/branch-heads/4240@{#378}) on port 35516
Only local connections are allowed.
Please see https://chromedriver.chromium.org/security-considerations for suggestions on keeping ChromeDriver safe.
ChromeDriver was started successfully.
Oct 27, 2020 6:43:30 PM org.openqa.selenium.remote.ProtocolHandshake createSession
INFO: Detected dialect: W3C
]]></system-err>
  </testcase>
  <testcase name="Login with different credentials" classname="Authorized user should be able to login" time="0">
    <skipped message="The step &quot;the user enters to  password&quot; is undefined. You can implement it using the snippet(s) below:&#10;&#10;@When(&quot;the user enters to  password&quot;)&#10;public void the_user_enters_to_password() {&#10;    // Write code here that turns the phrase above into concrete actions&#10;    throw new io.cucumber.java.PendingException();&#10;}&#10;&#10;&#10;Some other steps were also undefined:&#10;&#10;@Then(&quot;the user should be able to see Login and\\/or password are wrong.&quot;)&#10;public void the_user_should_be_able_to_see_Login_and_or_password_are_wrong() {&#10;    // Write code here that turns the phrase above into concrete actions&#10;    throw new io.cucumber.java.PendingException();&#10;}&#10;"/>
    <system-out><![CDATA[	this is coming from BEFORE
]]></system-out>
    <system-err><![CDATA[Starting ChromeDriver 86.0.4240.22 (398b0743353ff36fb1b82468f63a3a93b4e2e89e-refs/branch-heads/4240@{#378}) on port 24445
Only local connections are allowed.
Please see https://chromedriver.chromium.org/security-considerations for suggestions on keeping ChromeDriver safe.
ChromeDriver was started successfully.
Oct 27, 2020 6:43:35 PM org.openqa.selenium.remote.ProtocolHandshake createSession
INFO: Detected dialect: W3C
]]></system-err>
  </testcase>
  <testcase name="Login with different credentials" classname="Authorized user should be able to login" time="0">
    <skipped message="The step &quot;the user enters to username &quot; is undefined. You can implement it using the snippet(s) below:&#10;&#10;@When(&quot;the user enters to username &quot;)&#10;public void the_user_enters_to_username() {&#10;    // Write code here that turns the phrase above into concrete actions&#10;    throw new io.cucumber.java.PendingException();&#10;}&#10;&#10;&#10;Some other steps were also undefined:&#10;&#10;@Then(&quot;the user should be able to see Login and\\/or password are wrong.&quot;)&#10;public void the_user_should_be_able_to_see_Login_and_or_password_are_wrong() {&#10;    // Write code here that turns the phrase above into concrete actions&#10;    throw new io.cucumber.java.PendingException();&#10;}&#10;"/>
    <system-out><![CDATA[	this is coming from BEFORE
]]></system-out>
    <system-err><![CDATA[Starting ChromeDriver 86.0.4240.22 (398b0743353ff36fb1b82468f63a3a93b4e2e89e-refs/branch-heads/4240@{#378}) on port 8941
Only local connections are allowed.
Please see https://chromedriver.chromium.org/security-considerations for suggestions on keeping ChromeDriver safe.
ChromeDriver was started successfully.
Oct 27, 2020 6:43:41 PM org.openqa.selenium.remote.ProtocolHandshake createSession
INFO: Detected dialect: W3C
]]></system-err>
  </testcase>
</testsuite>